<?xml version="1.0" encoding="UTF-8"?>
<testsuite name="codesquad.TodoList.TodoListApplicationTests" tests="1" skipped="0" failures="0" errors="0" timestamp="2021-04-15T06:20:55" hostname="jeongjiwon-ui-MacBook-Pro.local" time="0.476">
  <properties/>
  <testcase name="contextLoads()" classname="codesquad.TodoList.TodoListApplicationTests" time="0.476"/>
  <system-out><![CDATA[15:20:50.934 [Test worker] DEBUG org.springframework.test.context.BootstrapUtils - Instantiating CacheAwareContextLoaderDelegate from class [org.springframework.test.context.cache.DefaultCacheAwareContextLoaderDelegate]
15:20:50.945 [Test worker] DEBUG org.springframework.test.context.BootstrapUtils - Instantiating BootstrapContext using constructor [public org.springframework.test.context.support.DefaultBootstrapContext(java.lang.Class,org.springframework.test.context.CacheAwareContextLoaderDelegate)]
15:20:50.982 [Test worker] DEBUG org.springframework.test.context.BootstrapUtils - Instantiating TestContextBootstrapper for test class [codesquad.TodoList.TodoListApplicationTests] from class [org.springframework.boot.test.context.SpringBootTestContextBootstrapper]
15:20:50.995 [Test worker] INFO org.springframework.boot.test.context.SpringBootTestContextBootstrapper - Neither @ContextConfiguration nor @ContextHierarchy found for test class [codesquad.TodoList.TodoListApplicationTests], using SpringBootContextLoader
15:20:50.999 [Test worker] DEBUG org.springframework.test.context.support.AbstractContextLoader - Did not detect default resource location for test class [codesquad.TodoList.TodoListApplicationTests]: class path resource [codesquad/TodoList/TodoListApplicationTests-context.xml] does not exist
15:20:51.000 [Test worker] DEBUG org.springframework.test.context.support.AbstractContextLoader - Did not detect default resource location for test class [codesquad.TodoList.TodoListApplicationTests]: class path resource [codesquad/TodoList/TodoListApplicationTestsContext.groovy] does not exist
15:20:51.000 [Test worker] INFO org.springframework.test.context.support.AbstractContextLoader - Could not detect default resource locations for test class [codesquad.TodoList.TodoListApplicationTests]: no resource found for suffixes {-context.xml, Context.groovy}.
15:20:51.001 [Test worker] INFO org.springframework.test.context.support.AnnotationConfigContextLoaderUtils - Could not detect default configuration classes for test class [codesquad.TodoList.TodoListApplicationTests]: TodoListApplicationTests does not declare any static, non-private, non-final, nested classes annotated with @Configuration.
15:20:51.052 [Test worker] DEBUG org.springframework.test.context.support.ActiveProfilesUtils - Could not find an 'annotation declaring class' for annotation type [org.springframework.test.context.ActiveProfiles] and class [codesquad.TodoList.TodoListApplicationTests]
15:20:51.118 [Test worker] DEBUG org.springframework.context.annotation.ClassPathScanningCandidateComponentProvider - Identified candidate component class: file [/Users/jeongjiwon/todo-list/BE/build/classes/java/main/codesquad/TodoList/TodoListApplication.class]
15:20:51.120 [Test worker] INFO org.springframework.boot.test.context.SpringBootTestContextBootstrapper - Found @SpringBootConfiguration codesquad.TodoList.TodoListApplication for test class codesquad.TodoList.TodoListApplicationTests
15:20:51.214 [Test worker] DEBUG org.springframework.boot.test.context.SpringBootTestContextBootstrapper - @TestExecutionListeners is not present for class [codesquad.TodoList.TodoListApplicationTests]: using defaults.
15:20:51.215 [Test worker] INFO org.springframework.boot.test.context.SpringBootTestContextBootstrapper - Loaded default TestExecutionListener class names from location [META-INF/spring.factories]: [org.springframework.boot.test.autoconfigure.restdocs.RestDocsTestExecutionListener, org.springframework.boot.test.autoconfigure.web.client.MockRestServiceServerResetTestExecutionListener, org.springframework.boot.test.autoconfigure.web.servlet.MockMvcPrintOnlyOnFailureTestExecutionListener, org.springframework.boot.test.autoconfigure.web.servlet.WebDriverTestExecutionListener, org.springframework.boot.test.autoconfigure.webservices.client.MockWebServiceServerTestExecutionListener, org.springframework.boot.test.mock.mockito.MockitoTestExecutionListener, org.springframework.boot.test.mock.mockito.ResetMocksTestExecutionListener, org.springframework.test.context.web.ServletTestExecutionListener, org.springframework.test.context.support.DirtiesContextBeforeModesTestExecutionListener, org.springframework.test.context.event.ApplicationEventsTestExecutionListener, org.springframework.test.context.support.DependencyInjectionTestExecutionListener, org.springframework.test.context.support.DirtiesContextTestExecutionListener, org.springframework.test.context.transaction.TransactionalTestExecutionListener, org.springframework.test.context.jdbc.SqlScriptsTestExecutionListener, org.springframework.test.context.event.EventPublishingTestExecutionListener]
15:20:51.228 [Test worker] INFO org.springframework.boot.test.context.SpringBootTestContextBootstrapper - Using TestExecutionListeners: [org.springframework.test.context.web.ServletTestExecutionListener@6336a440, org.springframework.test.context.support.DirtiesContextBeforeModesTestExecutionListener@5da0fa85, org.springframework.test.context.event.ApplicationEventsTestExecutionListener@fa46b71, org.springframework.boot.test.mock.mockito.MockitoTestExecutionListener@6b7cceff, org.springframework.boot.test.autoconfigure.SpringBootDependencyInjectionTestExecutionListener@3d3e7374, org.springframework.test.context.support.DirtiesContextTestExecutionListener@6790d284, org.springframework.test.context.transaction.TransactionalTestExecutionListener@4bc3d2e4, org.springframework.test.context.jdbc.SqlScriptsTestExecutionListener@4645e655, org.springframework.test.context.event.EventPublishingTestExecutionListener@82e883a, org.springframework.boot.test.autoconfigure.restdocs.RestDocsTestExecutionListener@694b7f49, org.springframework.boot.test.autoconfigure.web.client.MockRestServiceServerResetTestExecutionListener@3c4ad476, org.springframework.boot.test.autoconfigure.web.servlet.MockMvcPrintOnlyOnFailureTestExecutionListener@55d4eae4, org.springframework.boot.test.autoconfigure.web.servlet.WebDriverTestExecutionListener@29c7c73c, org.springframework.boot.test.autoconfigure.webservices.client.MockWebServiceServerTestExecutionListener@1b44547a, org.springframework.boot.test.mock.mockito.ResetMocksTestExecutionListener@71c7ca00]
15:20:51.231 [Test worker] DEBUG org.springframework.test.context.support.AbstractDirtiesContextTestExecutionListener - Before test class: context [DefaultTestContext@30ff0fb testClass = TodoListApplicationTests, testInstance = [null], testMethod = [null], testException = [null], mergedContextConfiguration = [WebMergedContextConfiguration@7e3fc410 testClass = TodoListApplicationTests, locations = '{}', classes = '{class codesquad.TodoList.TodoListApplication}', contextInitializerClasses = '[]', activeProfiles = '{}', propertySourceLocations = '{}', propertySourceProperties = '{org.springframework.boot.test.context.SpringBootTestContextBootstrapper=true}', contextCustomizers = set[org.springframework.boot.test.autoconfigure.actuate.metrics.MetricsExportContextCustomizerFactory$DisableMetricExportContextCustomizer@54060fd5, org.springframework.boot.test.autoconfigure.properties.PropertyMappingContextCustomizer@0, org.springframework.boot.test.autoconfigure.web.servlet.WebDriverContextCustomizerFactory$Customizer@a24b578, org.springframework.boot.test.context.filter.ExcludeFilterContextCustomizer@49178cce, org.springframework.boot.test.json.DuplicateJsonObjectContextCustomizerFactory$DuplicateJsonObjectContextCustomizer@6bc1d5c4, org.springframework.boot.test.mock.mockito.MockitoContextCustomizer@0, org.springframework.boot.test.web.client.TestRestTemplateContextCustomizer@49bbf43e, org.springframework.boot.test.context.SpringBootTestArgs@1, org.springframework.boot.test.context.SpringBootTestWebEnvironment@25e5bf8e], resourceBasePath = 'src/main/webapp', contextLoader = 'org.springframework.boot.test.context.SpringBootContextLoader', parent = [null]], attributes = map['org.springframework.test.context.web.ServletTestExecutionListener.activateListener' -> true]], class annotated with @DirtiesContext [false] with mode [null].
15:20:51.258 [Test worker] DEBUG org.springframework.test.context.support.TestPropertySourceUtils - Adding inlined properties to environment: {spring.jmx.enabled=false, org.springframework.boot.test.context.SpringBootTestContextBootstrapper=true}

  .   ____          _            __ _ _
 /\\ / ___'_ __ _ _(_)_ __  __ _ \ \ \ \
( ( )\___ | '_ | '_| | '_ \/ _` | \ \ \ \
 \\/  ___)| |_)| | | | | || (_| |  ) ) ) )
  '  |____| .__|_| |_|_| |_\__, | / / / /
 =========|_|==============|___/=/_/_/_/
 :: Spring Boot ::                (v2.4.4)

2021-04-15 15:20:51.553  INFO 7087 --- [    Test worker] c.TodoList.TodoListApplicationTests      : Starting TodoListApplicationTests using Java 14.0.2 on jeongjiwon-ui-MacBook-Pro.local with PID 7087 (started by jeongjiwon in /Users/jeongjiwon/todo-list/BE)
2021-04-15 15:20:51.556  INFO 7087 --- [    Test worker] c.TodoList.TodoListApplicationTests      : No active profile set, falling back to default profiles: default
2021-04-15 15:20:52.398  INFO 7087 --- [    Test worker] .s.d.r.c.RepositoryConfigurationDelegate : Bootstrapping Spring Data JDBC repositories in DEFAULT mode.
2021-04-15 15:20:52.447  INFO 7087 --- [    Test worker] .s.d.r.c.RepositoryConfigurationDelegate : Finished Spring Data repository scanning in 45 ms. Found 1 JDBC repository interfaces.
2021-04-15 15:20:52.764  INFO 7087 --- [    Test worker] trationDelegate$BeanPostProcessorChecker : Bean 'pl.allegro.tech.boot.autoconfigure.handlebars.HandlebarsHelpersAutoConfiguration' of type [pl.allegro.tech.boot.autoconfigure.handlebars.HandlebarsHelpersAutoConfiguration$$EnhancerBySpringCGLIB$$72691e32] is not eligible for getting processed by all BeanPostProcessors (for example: not eligible for auto-proxying)
2021-04-15 15:20:52.783  INFO 7087 --- [    Test worker] trationDelegate$BeanPostProcessorChecker : Bean 'handlebars.resolver-pl.allegro.tech.boot.autoconfigure.handlebars.HandlebarsValueResolversProperties' of type [pl.allegro.tech.boot.autoconfigure.handlebars.HandlebarsValueResolversProperties] is not eligible for getting processed by all BeanPostProcessors (for example: not eligible for auto-proxying)
2021-04-15 15:20:52.790  INFO 7087 --- [    Test worker] trationDelegate$BeanPostProcessorChecker : Bean 'handlebars-pl.allegro.tech.boot.autoconfigure.handlebars.HandlebarsProperties' of type [pl.allegro.tech.boot.autoconfigure.handlebars.HandlebarsProperties] is not eligible for getting processed by all BeanPostProcessors (for example: not eligible for auto-proxying)
2021-04-15 15:20:52.792  INFO 7087 --- [    Test worker] trationDelegate$BeanPostProcessorChecker : Bean 'pl.allegro.tech.boot.autoconfigure.handlebars.HandlebarsAutoConfiguration$HandlebarsViewResolverConfiguration' of type [pl.allegro.tech.boot.autoconfigure.handlebars.HandlebarsAutoConfiguration$HandlebarsViewResolverConfiguration$$EnhancerBySpringCGLIB$$855048d0] is not eligible for getting processed by all BeanPostProcessors (for example: not eligible for auto-proxying)
2021-04-15 15:20:52.863  INFO 7087 --- [    Test worker] trationDelegate$BeanPostProcessorChecker : Bean 'handlebarsViewResolver' of type [com.github.jknack.handlebars.springmvc.HandlebarsViewResolver] is not eligible for getting processed by all BeanPostProcessors (for example: not eligible for auto-proxying)
2021-04-15 15:20:53.064  INFO 7087 --- [    Test worker] com.zaxxer.hikari.HikariDataSource       : HikariPool-1 - Starting...
2021-04-15 15:20:53.866  INFO 7087 --- [    Test worker] com.zaxxer.hikari.HikariDataSource       : HikariPool-1 - Start completed.
2021-04-15 15:20:54.683  INFO 7087 --- [    Test worker] o.s.s.concurrent.ThreadPoolTaskExecutor  : Initializing ExecutorService 'applicationTaskExecutor'
2021-04-15 15:20:55.057  INFO 7087 --- [    Test worker] c.TodoList.TodoListApplicationTests      : Started TodoListApplicationTests in 3.792 seconds (JVM running for 4.938)
]]></system-out>
  <system-err><![CDATA[]]></system-err>
</testsuite>
